<?xml version="1.0" encoding="UTF-8"?>
<testsuites>
  <testsuite name="" tests="12" assertions="31" errors="0" warnings="0" failures="0" skipped="0" time="1.003644">
    <testsuite name="Unit" tests="12" assertions="31" errors="0" warnings="0" failures="0" skipped="0" time="1.003644">
      <testsuite name="Tests\Unit\RateLimiter\RateLimiterTest" file="/home/runner/work/conduit-framework/conduit-framework/tests/Unit/RateLimiter/RateLimiterTest.php" tests="7" assertions="21" errors="0" warnings="0" failures="0" skipped="0" time="0.002843">
        <testcase name="testClear" class="Tests\Unit\RateLimiter\RateLimiterTest" classname="Tests.Unit.RateLimiter.RateLimiterTest" file="/home/runner/work/conduit-framework/conduit-framework/tests/Unit/RateLimiter/RateLimiterTest.php" line="74" assertions="2" time="0.001713"/>
        <testcase name="testTooManyAttempts" class="Tests\Unit\RateLimiter\RateLimiterTest" classname="Tests.Unit.RateLimiter.RateLimiterTest" file="/home/runner/work/conduit-framework/conduit-framework/tests/Unit/RateLimiter/RateLimiterTest.php" line="46" assertions="2" time="0.000140"/>
        <testcase name="testAttemptBlocksWhenExceeded" class="Tests\Unit\RateLimiter\RateLimiterTest" classname="Tests.Unit.RateLimiter.RateLimiterTest" file="/home/runner/work/conduit-framework/conduit-framework/tests/Unit/RateLimiter/RateLimiterTest.php" line="32" assertions="4" time="0.000053"/>
        <testcase name="testAvailableIn" class="Tests\Unit\RateLimiter\RateLimiterTest" classname="Tests.Unit.RateLimiter.RateLimiterTest" file="/home/runner/work/conduit-framework/conduit-framework/tests/Unit/RateLimiter/RateLimiterTest.php" line="85" assertions="5" time="0.000638"/>
        <testcase name="testRetryAfter" class="Tests\Unit\RateLimiter\RateLimiterTest" classname="Tests.Unit.RateLimiter.RateLimiterTest" file="/home/runner/work/conduit-framework/conduit-framework/tests/Unit/RateLimiter/RateLimiterTest.php" line="101" assertions="3" time="0.000210"/>
        <testcase name="testRemaining" class="Tests\Unit\RateLimiter\RateLimiterTest" classname="Tests.Unit.RateLimiter.RateLimiterTest" file="/home/runner/work/conduit-framework/conduit-framework/tests/Unit/RateLimiter/RateLimiterTest.php" line="60" assertions="3" time="0.000049"/>
        <testcase name="testAttemptAllowsWithinLimit" class="Tests\Unit\RateLimiter\RateLimiterTest" classname="Tests.Unit.RateLimiter.RateLimiterTest" file="/home/runner/work/conduit-framework/conduit-framework/tests/Unit/RateLimiter/RateLimiterTest.php" line="23" assertions="2" time="0.000039"/>
      </testsuite>
      <testsuite name="Tests\Unit\RateLimiter\Storage\ArrayStorageTest" file="/home/runner/work/conduit-framework/conduit-framework/tests/Unit/RateLimiter/Storage/ArrayStorageTest.php" tests="5" assertions="10" errors="0" warnings="0" failures="0" skipped="0" time="1.000802">
        <testcase name="testIncrementCreatesNewEntry" class="Tests\Unit\RateLimiter\Storage\ArrayStorageTest" classname="Tests.Unit.RateLimiter.Storage.ArrayStorageTest" file="/home/runner/work/conduit-framework/conduit-framework/tests/Unit/RateLimiter/Storage/ArrayStorageTest.php" line="25" assertions="4" time="0.000050"/>
        <testcase name="testCleanupRemovesExpiredEntries" class="Tests\Unit\RateLimiter\Storage\ArrayStorageTest" classname="Tests.Unit.RateLimiter.Storage.ArrayStorageTest" file="/home/runner/work/conduit-framework/conduit-framework/tests/Unit/RateLimiter/Storage/ArrayStorageTest.php" line="54" assertions="2" time="1.000569"/>
        <testcase name="testForgetRemovesKey" class="Tests\Unit\RateLimiter\Storage\ArrayStorageTest" classname="Tests.Unit.RateLimiter.Storage.ArrayStorageTest" file="/home/runner/work/conduit-framework/conduit-framework/tests/Unit/RateLimiter/Storage/ArrayStorageTest.php" line="45" assertions="2" time="0.000086"/>
        <testcase name="testGetReturnsNullForNonExistentKey" class="Tests\Unit\RateLimiter\Storage\ArrayStorageTest" classname="Tests.Unit.RateLimiter.Storage.ArrayStorageTest" file="/home/runner/work/conduit-framework/conduit-framework/tests/Unit/RateLimiter/Storage/ArrayStorageTest.php" line="20" assertions="1" time="0.000047"/>
        <testcase name="testIncrementIncrementsExisting" class="Tests\Unit\RateLimiter\Storage\ArrayStorageTest" classname="Tests.Unit.RateLimiter.Storage.ArrayStorageTest" file="/home/runner/work/conduit-framework/conduit-framework/tests/Unit/RateLimiter/Storage/ArrayStorageTest.php" line="37" assertions="1" time="0.000050"/>
      </testsuite>
    </testsuite>
  </testsuite>
</testsuites>
